<?xml version="1.0" encoding="UTF-8"?>
<!-- Generated by org.testng.reporters.JUnitReportReporter -->
<testsuite skipped="0" hostname="PUNE5CG84507HS" name="com.seleniumcpsatchallenge.qa.problemstatements.ProblemStatementMeriPustakTest" tests="4" failures="0" timestamp="22 Oct 2019 08:31:45 GMT" time="59.737" errors="0">
  <testcase name="logoForMeriPustakTest" time="13.474" classname="com.seleniumcpsatchallenge.qa.problemstatements.ProblemStatementMeriPustakTest"/>
  <testcase name="twitterHrefTest" time="16.147" classname="com.seleniumcpsatchallenge.qa.problemstatements.ProblemStatementMeriPustakTest"/>
  <testcase name="clickAndVerifyCartMessageTest" time="13.174" classname="com.seleniumcpsatchallenge.qa.problemstatements.ProblemStatementMeriPustakTest"/>
  <testcase name="addJavaBookAndVerifyCardMessageTest" time="16.942" classname="com.seleniumcpsatchallenge.qa.problemstatements.ProblemStatementMeriPustakTest"/>
</testsuite> <!-- com.seleniumcpsatchallenge.qa.problemstatements.ProblemStatementMeriPustakTest -->
