<?xml version="1.0" encoding="UTF-8"?>
<!-- Generated by org.testng.reporters.JUnitReportReporter -->
<testsuite skipped="0" hostname="PUNE5CG84507HS" name="com.seleniumcpsatchallenge.qa.problemstatements.ProblemStatementWoodlandWorldWide" tests="3" failures="0" timestamp="22 Oct 2019 06:44:20 GMT" time="46.357" errors="0">
  <testcase name="SearchProductTest" time="16.219" classname="com.seleniumcpsatchallenge.qa.problemstatements.ProblemStatementWoodlandWorldWide"/>
  <testcase name="SearchProductTest" time="15.175" classname="com.seleniumcpsatchallenge.qa.problemstatements.ProblemStatementWoodlandWorldWide"/>
  <testcase name="SearchProductTest" time="14.963" classname="com.seleniumcpsatchallenge.qa.problemstatements.ProblemStatementWoodlandWorldWide"/>
</testsuite> <!-- com.seleniumcpsatchallenge.qa.problemstatements.ProblemStatementWoodlandWorldWide -->
